


ARM Macro Assembler    Page 1 


    1 00000000                 AREA             AsmTemplate, CODE, READONLY
    2 00000000                 IMPORT           main
    3 00000000         
    4 00000000         ; sample program makes the 4 LEDs P1.16, P1.17, P1.18, P
                       1.19 go on and off in sequence
    5 00000000         ; (c) Mike Brady, 2011 -- 2019.
    6 00000000         
    7 00000000                 EXPORT           start
    8 00000000         start
    9 00000000         
   10 00000000 E0028018 
                       IO1DIR  EQU              0xE0028018
   11 00000000 E0028014 
                       IO1SET  EQU              0xE0028014
   12 00000000 E002801C 
                       IO1CLR  EQU              0xE002801C
   13 00000000 E0028010 
                       IO1PIN  EQU              0xE0028010
   14 00000000         
   15 00000000         start_clac
   16 00000000 EB000092        BL               All_LED_OFF
   17 00000004         
   18 00000004 E3A00000        MOV              R0,#0       ;the current number
                                                            
   19 00000008 E3A01000        MOV              R1,#0       ;the previous input
                                                            ed number
   20 0000000C E3A0C000        MOV              R12,#0      ;R12=0 -> change cu
                                                            rrent number into t
                                                            he previous number
   21 00000010         ;R12=1 -> allow to calculate addition
   22 00000010         ;R12=2 -> allow to calculate subtraction
   23 00000010         ;R12=3 -> allow to clear display
   24 00000010         
   25 00000010 E59F225C        LDR              R2,=IO1PIN
   26 00000014         waitingForPressed
   27 00000014 E5923000        LDR              R3,[R2]
   28 00000018         checkP1_20
   29 00000018 E2034601        AND              R4,R3,#0x00100000
   30 0000001C E3540000        CMP              R4,#0
   31 00000020 1A000000        BNE              checkP1_21
   32 00000024 EA000049        B                pressed_MostLeft ;R4=0
   33 00000028         checkP1_21
   34 00000028 E2034602        AND              R4,R3,#0x00200000
   35 0000002C E3540000        CMP              R4,#0
   36 00000030 1A000000        BNE              checkP1_22
   37 00000034 EA000024        B                pressed_SecondLeft ;R4=0
   38 00000038         checkP1_22
   39 00000038 E2034501        AND              R4,R3,#0x00400000
   40 0000003C E3540000        CMP              R4,#0
   41 00000040 1A000000        BNE              checkP1_23
   42 00000044 EA000012        B                pressed_SecondRight ;R4=0 
   43 00000048         checkP1_23
   44 00000048 E2034502        AND              R4,R3,#0x00800000
   45 0000004C E3540000        CMP              R4,#0
   46 00000050 1A000000        BNE              end_Loop
   47 00000054 EA000000        B                pressed_MostRight ;R4=0 
   48 00000058         end_Loop
   49 00000058 EAFFFFED        B                waitingForPressed
   50 0000005C         



ARM Macro Assembler    Page 2 


   51 0000005C         
   52 0000005C         pressed_MostRight
   53 0000005C         ;CMP R0,#7
   54 0000005C         ;BEQ pressed_MostRight2
   55 0000005C E35C0003        CMP              R12,#3
   56 00000060 0A000057        BEQ              clearDisplay
   57 00000064 E2800001        ADD              R0,R0,#1
   58 00000068         pressed_MostRight2
   59 00000068 EB000078        BL               All_LED_OFF
   60 0000006C EB00005A        BL               expressNumber
   61 00000070         
   62 00000070         pressed_MostRight_while
   63 00000070 E59FA200        LDR              R10,=1000000
   64 00000074         wait2
   65 00000074 E25AA001        subs             R10,R10,#1
   66 00000078 1AFFFFFD        BNE              wait2
   67 0000007C E5923000        LDR              R3,[R2]
   68 00000080 E2034502        AND              R4,R3,#0x00800000
   69 00000084 E3540000        CMP              R4,#0
   70 00000088 0AFFFFF8        BEQ              pressed_MostRight_while
   71 0000008C E1A09000        MOV              R9,R0
   72 00000090 EAFFFFDF        B                waitingForPressed
   73 00000094         
   74 00000094         
   75 00000094         
   76 00000094         
   77 00000094         
   78 00000094         pressed_SecondRight
   79 00000094 E35C0003        CMP              R12,#3
   80 00000098 0A000049        BEQ              clearDisplay
   81 0000009C E2400001        SUB              R0,R0,#1
   82 000000A0         pressed_SecondRight2
   83 000000A0 EB00006A        BL               All_LED_OFF
   84 000000A4 EB00004C        BL               expressNumber
   85 000000A8         
   86 000000A8         pressed_SecondRight_while
   87 000000A8 E59FA1C8        LDR              R10,=1000000
   88 000000AC         wait
   89 000000AC E25AA001        subs             R10,R10,#1
   90 000000B0 1AFFFFFD        BNE              wait
   91 000000B4 E5923000        LDR              R3,[R2]
   92 000000B8 E2034501        AND              R4,R3,#0x00400000
   93 000000BC E3540000        CMP              R4,#0
   94 000000C0 0AFFFFF8        BEQ              pressed_SecondRight_while
   95 000000C4 E1A09000        MOV              R9,R0
   96 000000C8 EAFFFFD1        B                waitingForPressed
   97 000000CC         
   98 000000CC         
   99 000000CC         
  100 000000CC         
  101 000000CC         
  102 000000CC         
  103 000000CC         pressed_SecondLeft
  104 000000CC E3A0B000        MOV              R11,#0
  105 000000D0 E59F81A4        LDR              R8, =0x00F42400
  106 000000D4         pressed_SecondLeft_while
  107 000000D4 E59FA19C        LDR              R10,=1000000
  108 000000D8 E28BB001        ADD              R11,R11,#1
  109 000000DC         wait3



ARM Macro Assembler    Page 3 


  110 000000DC E25AA001        subs             R10,R10,#1
  111 000000E0 E28BB001        ADD              R11,R11,#1
  112 000000E4 1AFFFFFC        BNE              wait3
  113 000000E8 E5923000        LDR              R3,[R2]
  114 000000EC E2034602        AND              R4,R3,#0x00200000
  115 000000F0 E3540000        CMP              R4,#0
  116 000000F4 0AFFFFF6        BEQ              pressed_SecondLeft_while
  117 000000F8 E15B0008        CMP              R11,R8      ;press more than 2s
                                                            econds
  118 000000FC 2A00000E        BHS              P1_21_longPressed
  119 00000100         ;B   pressed_MostRight
  120 00000100 E35C0001        CMP              R12,#1
  121 00000104 0A000008        BEQ              calculate_add
  122 00000108 E35C0002        CMP              R12,#2
  123 0000010C 0A000027        BEQ              calculate_sub
  124 00000110 E35C0003        CMP              R12,#3
  125 00000114 0AFFFFBE        BEQ              waitingForPressed
  126 00000118         ;B   pressed_MostRight
  127 00000118 E1A01000        MOV              R1,R0
  128 0000011C E3A00000        MOV              R0,#0
  129 00000120 E3A0C001        MOV              R12,#1
  130 00000124 EB000049        BL               All_LED_OFF
  131 00000128 EA000002        B                pressed_SecondLeft_end
  132 0000012C         calculate_add
  133 0000012C         ;B   pressed_MostRight
  134 0000012C E0800001        ADD              R0,R0,R1
  135 00000130 EB000029        BL               expressNumber
  136 00000134 E3A0C003        MOV              R12,#3
  137 00000138         pressed_SecondLeft_end
  138 00000138 EAFFFFB5        B                waitingForPressed
  139 0000013C         
  140 0000013C         P1_21_longPressed                    ;around 3 seconds
  141 0000013C E1A00001        MOV              R0, R1
  142 00000140 E3A01000        MOV              R1, #0
  143 00000144 E3A0C000        MOV              R12,#0
  144 00000148 EB000040        BL               All_LED_OFF
  145 0000014C EAFFFFB0        B                waitingForPressed
  146 00000150         
  147 00000150         
  148 00000150         
  149 00000150         pressed_MostLeft
  150 00000150 E3A0B000        MOV              R11,#0      ;timer
  151 00000154 E59F8120        LDR              R8, =0x00F42400
  152 00000158         pressed_MostLeft_while
  153 00000158 E59FA118        LDR              R10,=1000000
  154 0000015C E28BB001        ADD              R11,R11,#1
  155 00000160         wait4
  156 00000160 E25AA001        subs             R10,R10,#1
  157 00000164 E28BB001        ADD              R11,R11,#1
  158 00000168 1AFFFFFC        BNE              wait4
  159 0000016C E5923000        LDR              R3,[R2]
  160 00000170 E2034601        AND              R4,R3,#0x00100000
  161 00000174 E3540000        CMP              R4,#0
  162 00000178 0AFFFFF6        BEQ              pressed_MostLeft_while
  163 0000017C E15B0008        CMP              R11,R8      ;press more than 2s
                                                            econds
  164 00000180 2A00000E        BHS              P1_20_longPressed
  165 00000184         
  166 00000184 E35C0001        CMP              R12,#1



ARM Macro Assembler    Page 4 


  167 00000188 0AFFFFE7        BEQ              calculate_add
  168 0000018C E35C0002        CMP              R12,#2
  169 00000190 0A000006        BEQ              calculate_sub
  170 00000194 E35C0003        CMP              R12,#3
  171 00000198 0AFFFF9D        BEQ              waitingForPressed
  172 0000019C E1A01000        MOV              R1,R0
  173 000001A0 E3A00000        MOV              R0,#0
  174 000001A4 E3A0C002        MOV              R12,#2
  175 000001A8 EB000028        BL               All_LED_OFF
  176 000001AC EA000002        B                pressed_MostLeft_end
  177 000001B0         calculate_sub
  178 000001B0 E0410000        SUB              R0,R1,R0
  179 000001B4 EB000008        BL               expressNumber
  180 000001B8 E3A0C003        MOV              R12,#3
  181 000001BC         pressed_MostLeft_end
  182 000001BC EAFFFF94        B                waitingForPressed
  183 000001C0         
  184 000001C0         
  185 000001C0         P1_20_longPressed                    ;around 3 seconds
  186 000001C0 EAFFFF8E        B                start_clac
  187 000001C4         
  188 000001C4         
  189 000001C4         clearDisplay
  190 000001C4 EB000021        BL               All_LED_OFF
  191 000001C8         ;MOV R0,#0
  192 000001C8 E3A0C000        MOV              R12,#0
  193 000001CC E59FA0AC        LDR              R10,=4000000
  194 000001D0         wait5
  195 000001D0 E25AA001        subs             R10,R10,#1
  196 000001D4 1AFFFFFD        BNE              wait5
  197 000001D8 EAFFFF8D        B                waitingForPressed
  198 000001DC         
  199 000001DC         
  200 000001DC         
  201 000001DC         
  202 000001DC         ;expressNumber subroutine
  203 000001DC         ;parameter
  204 000001DC         ; R0: the number to be expressed by the LEDs
  205 000001DC         expressNumber
  206 000001DC         ;STMFD SP!,{R1-R12,LR}
  207 000001DC         ;STMFD SP!,{R1-R12}
  208 000001DC E92D020E        STMFD            SP!,{R1-R3,R9}
  209 000001E0         ;MOV R4,R0              ;R4 = original number
  210 000001E0         
  211 000001E0         ;AND R8,R4,#0x80000000
  212 000001E0         ;CMP R8,#0x80000000
  213 000001E0         ;BNE positive_number
  214 000001E0         ;MOV R0,R12
  215 000001E0         ;BL  negative_number
  216 000001E0         ;MOV R4,R0
  217 000001E0         positive_number
  218 000001E0 E59F109C        ldr              r1,=IO1DIR
  219 000001E4 E3A0280F        ldr              r2,=0x000f0000 ;select P1.19--P
                                                            1.16
  220 000001E8 E5812000        str              r2,[r1]     ;make them outputs
  221 000001EC E59F1094        ldr              r1,=IO1SET
  222 000001F0 E5812000        str              r2,[r1]     ;set them to turn t
                                                            he LEDs off
  223 000001F4 E59F2090        ldr              r2,=IO1CLR



ARM Macro Assembler    Page 5 


  224 000001F8         ; r1 points to the SET register
  225 000001F8         ; r2 points to the CLEAR register
  226 000001F8         
  227 000001F8 E3A03801        ldr              r3,=0x00010000 
                                                            ; start with P1.16.
                                                            
  228 000001FC         ; MOV R10,R3
  229 000001FC         
  230 000001FC         firstbit
  231 000001FC E2009008        AND              R9,R0,#0x00000008 ;
  232 00000200 E3590008        CMP              R9,#0x00000008
  233 00000204 1A000000        BNE              secondbit
  234 00000208 E5823000        str              r3,[r2]     ; clear the bit -> 
                                                            turn on the LED
  235 0000020C         secondbit
  236 0000020C E1A03083        mov              r3,r3,lsl #1 ;shift up to next 
                                                            bit. P1.16 -> P1.17
                                                             etc.
  237 00000210 E2009004        AND              R9,R0,#0x00000004
  238 00000214 E3590004        CMP              R9,#0x00000004
  239 00000218 1A000000        BNE              thirdbit
  240 0000021C E5823000        str              r3,[r2]     ; clear the bit -> 
                                                            turn on the LED
  241 00000220         thirdbit
  242 00000220 E1A03083        mov              r3,r3,lsl #1 ;shift up to next 
                                                            bit. P1.17 -> P1.18
                                                             etc.
  243 00000224 E2009002        AND              R9,R0,#0x00000002
  244 00000228 E3590002        CMP              R9,#0x00000002
  245 0000022C 1A000000        BNE              fourthbit
  246 00000230 E5823000        str              r3,[r2]     ; clear the bit -> 
                                                            turn on the LED
  247 00000234         fourthbit
  248 00000234 E1A03083        mov              r3,r3,lsl #1 ;shift up to next 
                                                            bit. P1.18 -> P1.19
                                                             etc.
  249 00000238 E2009001        AND              R9,R0,#0x00000001
  250 0000023C E3590001        CMP              R9,#0x00000001
  251 00000240 1A000000        BNE              end_expressNumber
  252 00000244 E5823000        str              r3,[r2]     ; clear the bit -> 
                                                            turn on the LED
  253 00000248         end_expressNumber
  254 00000248         ;    MOV R0,R4
  255 00000248         
  256 00000248         ;LDMFD SP!,{R1-R12,PC}
  257 00000248         ;LDMFD SP!,{R1-R12}
  258 00000248 E8BD020E        LDMFD            SP!,{R1-R3,R9}
  259 0000024C E12FFF1E        BX               R14
  260 00000250         
  261 00000250         
  262 00000250         
  263 00000250         
  264 00000250         ;negative_number subroutine
  265 00000250         ;parameter
  266 00000250         ; R0: the original minus number
  267 00000250         ;return
  268 00000250         ; R0: the modified number
  269 00000250         ;negative_number
  270 00000250         ;    STMFD SP ! , {R4-R5 }



ARM Macro Assembler    Page 6 


  271 00000250         ; MOV R4,R0;
  272 00000250         ; MOV R5,#0xFFFFFFFF;
  273 00000250         ; EOR R4,R4,R5
  274 00000250         ; ADD R4,R4,#1
  275 00000250         ; MOV R0,R4
  276 00000250         ; LDMFD SP ! , {R4-R5 }
  277 00000250         ; BX R14
  278 00000250         
  279 00000250         
  280 00000250         ;All_LED_OFF subroutine
  281 00000250         All_LED_OFF
  282 00000250 E92D000E        STMFD            SP ! , {R1-R3 }
  283 00000254         
  284 00000254         
  285 00000254         
  286 00000254 E59F1028        ldr              r1,=IO1DIR
  287 00000258 E3A0280F        ldr              r2,=0x000f0000 ;select P1.19--P
                                                            1.16
  288 0000025C E5812000        str              r2,[r1]     ;make them outputs
  289 00000260 E59F1020        ldr              r1,=IO1SET
  290 00000264 E5812000        str              r2,[r1]     ;set them to turn t
                                                            he LEDs off
  291 00000268 E59F201C        ldr              r2,=IO1CLR
  292 0000026C         ; r1 points to the SET register
  293 0000026C         ; r2 points to the CLEAR register
  294 0000026C E8BD000E        LDMFD            SP ! , {R1-R3 }
  295 00000270 E12FFF1E        BX               R14
  296 00000274         
  297 00000274                 END
              E0028010 
              000F4240 
              00F42400 
              003D0900 
              E0028018 
              E0028014 
              E002801C 
Command Line: --debug --xref --diag_suppress=9931 --apcs=interwork --depend=.\a
pp.d -o.\app.o -IC:\Keil_v5\ARM\RV31\INC -IC:\Keil_v5\ARM\CMSIS\Include -IC:\Ke
il_v5\ARM\Inc\Philips --predefine="__EVAL SETA 1" --predefine="__MICROLIB SETA 
1" --predefine="__UVISION_VERSION SETA 516" --list=.\listings\app.lst App.s



ARM Macro Assembler    Page 1 Alphabetic symbol ordering
Relocatable symbols

All_LED_OFF 00000250

Symbol: All_LED_OFF
   Definitions
      At line 281 in file App.s
   Uses
      At line 16 in file App.s
      At line 59 in file App.s
      At line 83 in file App.s
      At line 130 in file App.s
      At line 144 in file App.s
      At line 175 in file App.s
      At line 190 in file App.s

AsmTemplate 00000000

Symbol: AsmTemplate
   Definitions
      At line 1 in file App.s
   Uses
      None
Comment: AsmTemplate unused
P1_20_longPressed 000001C0

Symbol: P1_20_longPressed
   Definitions
      At line 185 in file App.s
   Uses
      At line 164 in file App.s
Comment: P1_20_longPressed used once
P1_21_longPressed 0000013C

Symbol: P1_21_longPressed
   Definitions
      At line 140 in file App.s
   Uses
      At line 118 in file App.s
Comment: P1_21_longPressed used once
calculate_add 0000012C

Symbol: calculate_add
   Definitions
      At line 132 in file App.s
   Uses
      At line 121 in file App.s
      At line 167 in file App.s

calculate_sub 000001B0

Symbol: calculate_sub
   Definitions
      At line 177 in file App.s
   Uses
      At line 123 in file App.s
      At line 169 in file App.s

checkP1_20 00000018

Symbol: checkP1_20



ARM Macro Assembler    Page 2 Alphabetic symbol ordering
Relocatable symbols

   Definitions
      At line 28 in file App.s
   Uses
      None
Comment: checkP1_20 unused
checkP1_21 00000028

Symbol: checkP1_21
   Definitions
      At line 33 in file App.s
   Uses
      At line 31 in file App.s
Comment: checkP1_21 used once
checkP1_22 00000038

Symbol: checkP1_22
   Definitions
      At line 38 in file App.s
   Uses
      At line 36 in file App.s
Comment: checkP1_22 used once
checkP1_23 00000048

Symbol: checkP1_23
   Definitions
      At line 43 in file App.s
   Uses
      At line 41 in file App.s
Comment: checkP1_23 used once
clearDisplay 000001C4

Symbol: clearDisplay
   Definitions
      At line 189 in file App.s
   Uses
      At line 56 in file App.s
      At line 80 in file App.s

end_Loop 00000058

Symbol: end_Loop
   Definitions
      At line 48 in file App.s
   Uses
      At line 46 in file App.s
Comment: end_Loop used once
end_expressNumber 00000248

Symbol: end_expressNumber
   Definitions
      At line 253 in file App.s
   Uses
      At line 251 in file App.s
Comment: end_expressNumber used once
expressNumber 000001DC

Symbol: expressNumber
   Definitions
      At line 205 in file App.s



ARM Macro Assembler    Page 3 Alphabetic symbol ordering
Relocatable symbols

   Uses
      At line 60 in file App.s
      At line 84 in file App.s
      At line 135 in file App.s
      At line 179 in file App.s

firstbit 000001FC

Symbol: firstbit
   Definitions
      At line 230 in file App.s
   Uses
      None
Comment: firstbit unused
fourthbit 00000234

Symbol: fourthbit
   Definitions
      At line 247 in file App.s
   Uses
      At line 245 in file App.s
Comment: fourthbit used once
positive_number 000001E0

Symbol: positive_number
   Definitions
      At line 217 in file App.s
   Uses
      None
Comment: positive_number unused
pressed_MostLeft 00000150

Symbol: pressed_MostLeft
   Definitions
      At line 149 in file App.s
   Uses
      At line 32 in file App.s
Comment: pressed_MostLeft used once
pressed_MostLeft_end 000001BC

Symbol: pressed_MostLeft_end
   Definitions
      At line 181 in file App.s
   Uses
      At line 176 in file App.s
Comment: pressed_MostLeft_end used once
pressed_MostLeft_while 00000158

Symbol: pressed_MostLeft_while
   Definitions
      At line 152 in file App.s
   Uses
      At line 162 in file App.s
Comment: pressed_MostLeft_while used once
pressed_MostRight 0000005C

Symbol: pressed_MostRight
   Definitions
      At line 52 in file App.s



ARM Macro Assembler    Page 4 Alphabetic symbol ordering
Relocatable symbols

   Uses
      At line 47 in file App.s
Comment: pressed_MostRight used once
pressed_MostRight2 00000068

Symbol: pressed_MostRight2
   Definitions
      At line 58 in file App.s
   Uses
      None
Comment: pressed_MostRight2 unused
pressed_MostRight_while 00000070

Symbol: pressed_MostRight_while
   Definitions
      At line 62 in file App.s
   Uses
      At line 70 in file App.s
Comment: pressed_MostRight_while used once
pressed_SecondLeft 000000CC

Symbol: pressed_SecondLeft
   Definitions
      At line 103 in file App.s
   Uses
      At line 37 in file App.s
Comment: pressed_SecondLeft used once
pressed_SecondLeft_end 00000138

Symbol: pressed_SecondLeft_end
   Definitions
      At line 137 in file App.s
   Uses
      At line 131 in file App.s
Comment: pressed_SecondLeft_end used once
pressed_SecondLeft_while 000000D4

Symbol: pressed_SecondLeft_while
   Definitions
      At line 106 in file App.s
   Uses
      At line 116 in file App.s
Comment: pressed_SecondLeft_while used once
pressed_SecondRight 00000094

Symbol: pressed_SecondRight
   Definitions
      At line 78 in file App.s
   Uses
      At line 42 in file App.s
Comment: pressed_SecondRight used once
pressed_SecondRight2 000000A0

Symbol: pressed_SecondRight2
   Definitions
      At line 82 in file App.s
   Uses
      None
Comment: pressed_SecondRight2 unused



ARM Macro Assembler    Page 5 Alphabetic symbol ordering
Relocatable symbols

pressed_SecondRight_while 000000A8

Symbol: pressed_SecondRight_while
   Definitions
      At line 86 in file App.s
   Uses
      At line 94 in file App.s
Comment: pressed_SecondRight_while used once
secondbit 0000020C

Symbol: secondbit
   Definitions
      At line 235 in file App.s
   Uses
      At line 233 in file App.s
Comment: secondbit used once
start 00000000

Symbol: start
   Definitions
      At line 8 in file App.s
   Uses
      At line 7 in file App.s
Comment: start used once
start_clac 00000000

Symbol: start_clac
   Definitions
      At line 15 in file App.s
   Uses
      At line 186 in file App.s
Comment: start_clac used once
thirdbit 00000220

Symbol: thirdbit
   Definitions
      At line 241 in file App.s
   Uses
      At line 239 in file App.s
Comment: thirdbit used once
wait 000000AC

Symbol: wait
   Definitions
      At line 88 in file App.s
   Uses
      At line 90 in file App.s
Comment: wait used once
wait2 00000074

Symbol: wait2
   Definitions
      At line 64 in file App.s
   Uses
      At line 66 in file App.s
Comment: wait2 used once
wait3 000000DC

Symbol: wait3



ARM Macro Assembler    Page 6 Alphabetic symbol ordering
Relocatable symbols

   Definitions
      At line 109 in file App.s
   Uses
      At line 112 in file App.s
Comment: wait3 used once
wait4 00000160

Symbol: wait4
   Definitions
      At line 155 in file App.s
   Uses
      At line 158 in file App.s
Comment: wait4 used once
wait5 000001D0

Symbol: wait5
   Definitions
      At line 194 in file App.s
   Uses
      At line 196 in file App.s
Comment: wait5 used once
waitingForPressed 00000014

Symbol: waitingForPressed
   Definitions
      At line 26 in file App.s
   Uses
      At line 49 in file App.s
      At line 72 in file App.s
      At line 96 in file App.s
      At line 125 in file App.s
      At line 138 in file App.s
      At line 145 in file App.s
      At line 171 in file App.s
      At line 182 in file App.s
      At line 197 in file App.s

39 symbols



ARM Macro Assembler    Page 1 Alphabetic symbol ordering
Absolute symbols

IO1CLR E002801C

Symbol: IO1CLR
   Definitions
      At line 12 in file App.s
   Uses
      At line 223 in file App.s
      At line 291 in file App.s

IO1DIR E0028018

Symbol: IO1DIR
   Definitions
      At line 10 in file App.s
   Uses
      At line 218 in file App.s
      At line 286 in file App.s

IO1PIN E0028010

Symbol: IO1PIN
   Definitions
      At line 13 in file App.s
   Uses
      At line 25 in file App.s
Comment: IO1PIN used once
IO1SET E0028014

Symbol: IO1SET
   Definitions
      At line 11 in file App.s
   Uses
      At line 221 in file App.s
      At line 289 in file App.s

4 symbols



ARM Macro Assembler    Page 1 Alphabetic symbol ordering
External symbols

main 00000000

Symbol: main
   Definitions
      At line 2 in file App.s
   Uses
      None
Comment: main unused
1 symbol
379 symbols in table
