


ARM Macro Assembler    Page 1 


    1 00000000         ;
    2 00000000         ; CS1022 Introduction to Computing II 2018/2019
    3 00000000         ; Blinky Example
    4 00000000         ;
    5 00000000         
    6 00000000         ; TIMER0 registers
    7 00000000 E0004004 
                       T0TCR   EQU              0xE0004004
    8 00000000 E0004018 
                       T0MR0   EQU              0xE0004018
    9 00000000 E0004014 
                       T0MCR   EQU              0xE0004014
   10 00000000         
   11 00000000         ; Pin Control Block registers
   12 00000000 E002C010 
                       PINSEL4 EQU              0xE002C010
   13 00000000         
   14 00000000         ; GPIO registers
   15 00000000 3FFFC041 
                       FIO2DIR1
                               EQU              0x3FFFC041
   16 00000000 3FFFC055 
                       FIO2PIN1
                               EQU              0x3FFFC055
   17 00000000 3FFFC059 
                       FIO2SET1
                               EQU              0x3FFFC059
   18 00000000 3FFFC05D 
                       FIO2CLR1
                               EQU              0x3FFFC05D
   19 00000000         
   20 00000000         
   21 00000000                 AREA             RESET, CODE, READONLY
   22 00000000                 ENTRY
   23 00000000         
   24 00000000         ; Enable P2.10 for GPIO
   25 00000000 E59F507C        LDR              R5, =PINSEL4 ; load address of 
                                                            PINSEL4
   26 00000004 E5956000        LDR              R6, [R5]    ; read current PINS
                                                            EL4 value
   27 00000008 E3C66603        BIC              R6, #(0x3 << 20) ; modify bits 
                                                            20 and 21 to 00
   28 0000000C E5856000        STR              R6, [R5]    ; write new PINSEL4
                                                             value
   29 00000010         
   30 00000010         ; Set P2.10 for output
   31 00000010 E59F5070        LDR              R5, =FIO2DIR1 ; load address of
                                                             FIO2DIR1
   32 00000014 E5D56000        LDRB             R6, [R5]    ; read current FIO2
                                                            DIR1 value
   33 00000018 E3866004        ORR              R6, #(0x1 << 2) ; modify bit 2 
                                                            to 1 for output, le
                                                            aving other bits un
                                                            modified
   34 0000001C E5C56000        STRB             R6, [R5]    ; write new FIO2DIR
                                                            1
   35 00000020         
   36 00000020         ; Set match register for 5 secs using Match Register
   37 00000020         ;   Assuming a 1Mhz clock input to TIMER0, set MR



ARM Macro Assembler    Page 2 


   38 00000020         ;   MR0 (0xE0004018) to 5,000,000
   39 00000020 E59F4064        LDR              R4, =T0MR0
   40 00000024 E59F5064        LDR              R5, =5000000
   41 00000028 E5845000        STR              R5, [R4]
   42 0000002C         
   43 0000002C         ; Stop on match using Match Control Register
   44 0000002C         ;   Set bit 2 of MCR (0xE0004014) to 1 to stop the count
                       er after
   45 0000002C         ;   match (5 secs)
   46 0000002C E59F4060        LDR              R4, =T0MCR
   47 00000030 E3A05004        LDR              R5, =0x04
   48 00000034 E1C450B0        STRH             R5, [R4]
   49 00000038         
   50 00000038         whBlink
   51 00000038         ; Reset TIMER0 using Timer Control Register
   52 00000038         ;   Set bit 0 of TCR to 0 to stop TIMER
   53 00000038         ;   Set bit 1 of TCR to 1 to reset TIMER
   54 00000038 E59F5058        LDR              R5, =T0TCR
   55 0000003C E3A06002        LDR              R6, =0x2
   56 00000040 E5C56000        STRB             R6, [R5]
   57 00000044         
   58 00000044         ; Start TIMER0 using the Timer Control Register
   59 00000044         ;   Set bit 0 of TCR to enable the timer
   60 00000044 E59F404C        LDR              R4, =T0TCR
   61 00000048 E3A05001        LDR              R5, =0x01
   62 0000004C E5C45000        STRB             R5, [R4]
   63 00000050         
   64 00000050         ; Keep testing TCR until the timer has stopped
   65 00000050         whWait
   66 00000050 E5D45000        LDRB             R5, [R4]
   67 00000054 E3150001        TST              R5, #1
   68 00000058 1AFFFFFC        BNE              whWait
   69 0000005C         
   70 0000005C         ;
   71 0000005C         ; Timer finished ... invert the LED
   72 0000005C         ;   Another Read-Modify-Write operation!!
   73 0000005C         ;
   74 0000005C         
   75 0000005C         ; read current P2.10 output value
   76 0000005C         ;   0 or 1 in bit 2 of FIO2PIN1
   77 0000005C E3A04004        LDR              R4, =0x04   ;   setup bit mask 
                                                            for P2.10 bit in FI
                                                            O2PIN1
   78 00000060 E59F5034        LDR              R5, =FIO2PIN1 ;
   79 00000064 E5D56000        LDRB             R6, [R5]    ;   read FIO2PIN1
   80 00000068         
   81 00000068         ; modify P2.10 output (leaving other pin outputs control
                       led by
   82 00000068         ;   FIO2PIN1 with their original value)
   83 00000068 E1160004        TST              R6, R4      ;   if (LED off)
   84 0000006C 1A000001        BNE              elsOff      ;   {
   85 00000070 E1866004        ORR              R6, R6, R4  ;     set bit 2 (tu
                                                            rn LED on)
   86 00000074 EA000000        B                endIf       ;   }
   87 00000078         elsOff                               ;   else {
   88 00000078 E1C66004        BIC              R6, R6, R4  ;     clear bit 2 (
                                                            turn LED on)
   89 0000007C         endIf                                ;   }
   90 0000007C         



ARM Macro Assembler    Page 3 


   91 0000007C         ; write new FIO2PIN1 value
   92 0000007C E5C56000        STRB             R6, [R5]
   93 00000080         
   94 00000080         ; repeat forever
   95 00000080 EAFFFFEC        B                whBlink
   96 00000084         
   97 00000084                 END
              E002C010 
              3FFFC041 
              E0004018 
              004C4B40 
              E0004014 
              E0004004 
              3FFFC055 
Command Line: --debug --xref --diag_suppress=9931 --apcs=interwork --depend=.\o
bjects\blinky.d -o.\objects\blinky.o -IC:\Keil_v5\ARM\RV31\INC -IC:\Keil_v5\ARM
\CMSIS\Include -IC:\Keil_v5\ARM\Inc\Philips --predefine="__EVAL SETA 1" --prede
fine="__UVISION_VERSION SETA 516" --list=.\listings\blinky.lst blinky.s



ARM Macro Assembler    Page 1 Alphabetic symbol ordering
Relocatable symbols

RESET 00000000

Symbol: RESET
   Definitions
      At line 21 in file blinky.s
   Uses
      None
Comment: RESET unused
elsOff 00000078

Symbol: elsOff
   Definitions
      At line 87 in file blinky.s
   Uses
      At line 84 in file blinky.s
Comment: elsOff used once
endIf 0000007C

Symbol: endIf
   Definitions
      At line 89 in file blinky.s
   Uses
      At line 86 in file blinky.s
Comment: endIf used once
whBlink 00000038

Symbol: whBlink
   Definitions
      At line 50 in file blinky.s
   Uses
      At line 95 in file blinky.s
Comment: whBlink used once
whWait 00000050

Symbol: whWait
   Definitions
      At line 65 in file blinky.s
   Uses
      At line 68 in file blinky.s
Comment: whWait used once
5 symbols



ARM Macro Assembler    Page 1 Alphabetic symbol ordering
Absolute symbols

FIO2CLR1 3FFFC05D

Symbol: FIO2CLR1
   Definitions
      At line 18 in file blinky.s
   Uses
      None
Comment: FIO2CLR1 unused
FIO2DIR1 3FFFC041

Symbol: FIO2DIR1
   Definitions
      At line 15 in file blinky.s
   Uses
      At line 31 in file blinky.s
Comment: FIO2DIR1 used once
FIO2PIN1 3FFFC055

Symbol: FIO2PIN1
   Definitions
      At line 16 in file blinky.s
   Uses
      At line 78 in file blinky.s
Comment: FIO2PIN1 used once
FIO2SET1 3FFFC059

Symbol: FIO2SET1
   Definitions
      At line 17 in file blinky.s
   Uses
      None
Comment: FIO2SET1 unused
PINSEL4 E002C010

Symbol: PINSEL4
   Definitions
      At line 12 in file blinky.s
   Uses
      At line 25 in file blinky.s
Comment: PINSEL4 used once
T0MCR E0004014

Symbol: T0MCR
   Definitions
      At line 9 in file blinky.s
   Uses
      At line 46 in file blinky.s
Comment: T0MCR used once
T0MR0 E0004018

Symbol: T0MR0
   Definitions
      At line 8 in file blinky.s
   Uses
      At line 39 in file blinky.s
Comment: T0MR0 used once
T0TCR E0004004

Symbol: T0TCR



ARM Macro Assembler    Page 2 Alphabetic symbol ordering
Absolute symbols

   Definitions
      At line 7 in file blinky.s
   Uses
      At line 54 in file blinky.s
      At line 60 in file blinky.s

8 symbols
347 symbols in table
