


ARM Macro Assembler    Page 1 


    1 00000000         ;
    2 00000000         ; CS1022 Introduction to Computing II 2018/2019
    3 00000000         ; Lab 1 - Addressing Modes
    4 00000000         ;
    5 00000000         
    6 00000000 0000000A 
                       N       EQU              10
    7 00000000         
    8 00000000                 AREA             globals, DATA, READWRITE
    9 00000000         
   10 00000000         ; N word-size values
   11 00000000         
   12 00000000 00 00 00 
              00 00 00 
              00 00 00 
              00 00 00 
              00 00 00 
              00 00 00 
              00 00    ARRAY   SPACE            N*2         ; N half-words (2 b
                                                            ytes each)
   13 00000014         
   14 00000014         
   15 00000014                 AREA             RESET, CODE, READONLY
   16 00000000                 ENTRY
   17 00000000         
   18 00000000         ; for convenience, let's initialise test array [0, 1, 2,
                        ... , N-1]
   19 00000000         
   20 00000000         
   21 00000000         
   22 00000000 E59F00D8        LDR              R0, =ARRAY
   23 00000004 E3A01000        LDR              R1, =0
   24 00000008 E351000A 
                       L1      CMP              R1, #N
   25 0000000C 2A000002        BHS              L2
   26 00000010 E7801101        STR              R1, [R0, R1, LSL #2]
   27 00000014 E2811001        ADD              R1, R1, #1
   28 00000018 EAFFFFFA        B                L1
   29 0000001C         L2
   30 0000001C         
   31 0000001C         
   32 0000001C         
   33 0000001C         ; initialise registers for your program
   34 0000001C         
   35 0000001C E59F00BC        LDR              R0, =ARRAY  ; array start addre
                                                            ss
   36 00000020 E3A0100A        LDR              R1, =N      ; size of array (ha
                                                            lf-words)
   37 00000024         
   38 00000024         ; your program goes here
   39 00000024         
   40 00000024         ;(i)
   41 00000024         
   42 00000024         ;Sample Answer
   43 00000024         ;   MOV R4, #0
   44 00000024         ;L3 CMP R4, R1
   45 00000024         ; BHS L4
   46 00000024         ; LDR R5, [R0]
   47 00000024         ; MUL R6, R5, R5



ARM Macro Assembler    Page 2 


   48 00000024         ; STR R6, [R0]
   49 00000024         ; ADD R0, R0, #4
   50 00000024         ; ADD R4, R4, #1
   51 00000024         ; B L3
   52 00000024         ;L4
   53 00000024         
   54 00000024         
   55 00000024 E59F00B4        LDR              R0, =ARRAY
   56 00000028 E3A01000        LDR              R1, =0
   57 0000002C E351000A 
                       L3      CMP              R1, #N
   58 00000030 2A000006        BHS              L4
   59 00000034 E5904000        LDR              R4,[R0]
   60 00000038 E1A05004        MOV              R5,R4
   61 0000003C E0040495        MUL              R4,R5,R4
   62 00000040 E5804000        STR              R4,[R0]
   63 00000044 E2811001        ADD              R1,R1,#1
   64 00000048 E2800004        ADD              R0,R0,#4
   65 0000004C EAFFFFF6        B                L3
   66 00000050         L4
   67 00000050         
   68 00000050         ;(ii)
   69 00000050         
   70 00000050 E59F1088        LDR              R1, =ARRAY
   71 00000054 E3A02000        LDR              R2,=0
   72 00000058 E3A03001        LDR              R3,=1
   73 0000005C E353000A 
                       L5      CMP              R3,#10
   74 00000060 8A000006        BHI              L6
   75 00000064 E7914002        LDR              R4,[R1,R2]
   76 00000068 E1A05004        MOV              R5,R4
   77 0000006C E0040495        MUL              R4,R5,R4
   78 00000070 E7814002        STR              R4,[R1,R2]
   79 00000074 E2833001        ADD              R3,R3,#1
   80 00000078 E2822004        ADD              R2,R2,#4
   81 0000007C EAFFFFF6        B                L5
   82 00000080         L6
   83 00000080         
   84 00000080         ;(iii)
   85 00000080         
   86 00000080 E59F1058        LDR              R1, =ARRAY
   87 00000084 E3A02000        LDR              R2, =0
   88 00000088 E3A03001        LDR              R3, =1
   89 0000008C E353000A 
                       L7      CMP              R3,#10
   90 00000090 8A000006        BHI              L8
   91 00000094 E7914102        LDR              R4,[R1,R2,LSL#2]
   92 00000098 E1A05004        MOV              R5,R4
   93 0000009C E0040495        MUL              R4,R5,R4
   94 000000A0 E7814102        STR              R4,[R1,R2,LSL#2]
   95 000000A4 E2833001        ADD              R3,R3,#1
   96 000000A8 E2822001        ADD              R2,R2,#1
   97 000000AC EAFFFFF6        B                L7
   98 000000B0         L8
   99 000000B0         
  100 000000B0         ;(iv)
  101 000000B0         
  102 000000B0 E59F1028        LDR              R1, =ARRAY
  103 000000B4 E3A02000        LDR              R2, =0



ARM Macro Assembler    Page 3 


  104 000000B8 E3A03001        LDR              R3, =1
  105 000000BC E353000A 
                       L9      CMP              R3,#10
  106 000000C0 8A000005        BHI              L10
  107 000000C4 E4914004        LDR              R4,[R1],#4
  108 000000C8 E1A05004        MOV              R5,R4
  109 000000CC E0040495        MUL              R4,R5,R4
  110 000000D0 E5014004        STR              R4,[R1,#-4]
  111 000000D4 E2833001        ADD              R3,R3,#1
  112 000000D8 EAFFFFF7        B                L9
  113 000000DC         L10
  114 000000DC EAFFFFFE 
                       STOP    B                STOP
  115 000000E0         
  116 000000E0                 END
              00000000 
Command Line: --debug --xref --diag_suppress=9931 --apcs=interwork --depend=.\o
bjects\lab1-addressing-modes.d -o.\objects\lab1-addressing-modes.o -IC:\Keil_v5
\ARM\RV31\INC -IC:\Keil_v5\ARM\CMSIS\Include -IC:\Keil_v5\ARM\Inc\Philips --pre
define="__EVAL SETA 1" --predefine="__UVISION_VERSION SETA 516" --list=.\listin
gs\lab1-addressing-modes.lst lab1-addressing-modes.s



ARM Macro Assembler    Page 1 Alphabetic symbol ordering
Relocatable symbols

ARRAY 00000000

Symbol: ARRAY
   Definitions
      At line 12 in file lab1-addressing-modes.s
   Uses
      At line 22 in file lab1-addressing-modes.s
      At line 35 in file lab1-addressing-modes.s
      At line 55 in file lab1-addressing-modes.s
      At line 70 in file lab1-addressing-modes.s
      At line 86 in file lab1-addressing-modes.s
      At line 102 in file lab1-addressing-modes.s

globals 00000000

Symbol: globals
   Definitions
      At line 8 in file lab1-addressing-modes.s
   Uses
      None
Comment: globals unused
2 symbols



ARM Macro Assembler    Page 1 Alphabetic symbol ordering
Relocatable symbols

L1 00000008

Symbol: L1
   Definitions
      At line 24 in file lab1-addressing-modes.s
   Uses
      At line 28 in file lab1-addressing-modes.s
Comment: L1 used once
L10 000000DC

Symbol: L10
   Definitions
      At line 113 in file lab1-addressing-modes.s
   Uses
      At line 106 in file lab1-addressing-modes.s
Comment: L10 used once
L2 0000001C

Symbol: L2
   Definitions
      At line 29 in file lab1-addressing-modes.s
   Uses
      At line 25 in file lab1-addressing-modes.s
Comment: L2 used once
L3 0000002C

Symbol: L3
   Definitions
      At line 57 in file lab1-addressing-modes.s
   Uses
      At line 65 in file lab1-addressing-modes.s
Comment: L3 used once
L4 00000050

Symbol: L4
   Definitions
      At line 66 in file lab1-addressing-modes.s
   Uses
      At line 58 in file lab1-addressing-modes.s
Comment: L4 used once
L5 0000005C

Symbol: L5
   Definitions
      At line 73 in file lab1-addressing-modes.s
   Uses
      At line 81 in file lab1-addressing-modes.s
Comment: L5 used once
L6 00000080

Symbol: L6
   Definitions
      At line 82 in file lab1-addressing-modes.s
   Uses
      At line 74 in file lab1-addressing-modes.s
Comment: L6 used once
L7 0000008C

Symbol: L7



ARM Macro Assembler    Page 2 Alphabetic symbol ordering
Relocatable symbols

   Definitions
      At line 89 in file lab1-addressing-modes.s
   Uses
      At line 97 in file lab1-addressing-modes.s
Comment: L7 used once
L8 000000B0

Symbol: L8
   Definitions
      At line 98 in file lab1-addressing-modes.s
   Uses
      At line 90 in file lab1-addressing-modes.s
Comment: L8 used once
L9 000000BC

Symbol: L9
   Definitions
      At line 105 in file lab1-addressing-modes.s
   Uses
      At line 112 in file lab1-addressing-modes.s
Comment: L9 used once
RESET 00000000

Symbol: RESET
   Definitions
      At line 15 in file lab1-addressing-modes.s
   Uses
      None
Comment: RESET unused
STOP 000000DC

Symbol: STOP
   Definitions
      At line 114 in file lab1-addressing-modes.s
   Uses
      At line 114 in file lab1-addressing-modes.s
Comment: STOP used once
12 symbols



ARM Macro Assembler    Page 1 Alphabetic symbol ordering
Absolute symbols

N 0000000A

Symbol: N
   Definitions
      At line 6 in file lab1-addressing-modes.s
   Uses
      At line 12 in file lab1-addressing-modes.s
      At line 24 in file lab1-addressing-modes.s
      At line 36 in file lab1-addressing-modes.s
      At line 57 in file lab1-addressing-modes.s

1 symbol
349 symbols in table
