


ARM Macro Assembler    Page 1 


    1 00000000         ;
    2 00000000         ; CS1022 Introduction to Computing II 2018/2019
    3 00000000         ; Polling Example
    4 00000000         ;
    5 00000000         
    6 00000000         ; Pin Control Block registers
    7 00000000 E002C010 
                       PINSEL4 EQU              0xE002C010
    8 00000000         
    9 00000000         ; GPIO registers
   10 00000000 3FFFC041 
                       FIO2DIR1
                               EQU              0x3FFFC041
   11 00000000 3FFFC055 
                       FIO2PIN1
                               EQU              0x3FFFC055
   12 00000000         
   13 00000000                 AREA             RESET, CODE, READONLY
   14 00000000                 ENTRY
   15 00000000         
   16 00000000         ; Enable P2.10 for GPIO
   17 00000000 E59F4048        LDR              R4, =PINSEL4 ; load address of 
                                                            PINSEL4
   18 00000004 E5945000        LDR              R5, [R4]    ; read current PINS
                                                            EL4 value
   19 00000008 E3C55603        BIC              R5, #(0x3 << 20) ; modify bits 
                                                            20 and 21 to 00
   20 0000000C E5845000        STR              R5, [R4]    ; write new PINSEL4
                                                             value
   21 00000010         
   22 00000010         ; Set P2.10 for input
   23 00000010 E59F403C        LDR              R4, =FIO2DIR1 ; load address of
                                                             FIO2DIR1
   24 00000014 E5D45000        LDRB             R5, [R4]    ; read current FIO2
                                                            DIR1 value
   25 00000018 E3C55004        BIC              R5, #(0x1 << 2) ; modify bit 2 
                                                            to 0 for input, lea
                                                            ving other bits unm
                                                            odified
   26 0000001C E5C45000        STRB             R5, [R4]    ; write new FIO2DIR
                                                            1
   27 00000020         
   28 00000020 E59F4030        LDR              R4, =FIO2PIN1 ; load address of
                                                             FIO2PIN1
   29 00000024         
   30 00000024 E3A07000        MOV              R7, #0      ; count = 0
   31 00000028         
   32 00000028         whRepeat                             ; while (forever) {
                                                            
   33 00000028 E5D46000        LDRB             R6, [R4]    ;   lastState = FIO
                                                            2DIR1 & 0x4
   34 0000002C E2066004        AND              R6, R6, #0x4 ;
   35 00000030         
   36 00000030         ; keep testing pin state until it changes
   37 00000030         
   38 00000030         whPoll                               ;   do {
   39 00000030 E5D45000        LDRB             R5, [R4]    ;     currentState 
                                                            = FIO2DIR1 & 0x4
   40 00000034 E2055004        AND              R5, R5, #0x4 ;



ARM Macro Assembler    Page 2 


   41 00000038 E1550006        CMP              R5, R6      ;
   42 0000003C 0AFFFFFB        BEQ              whPoll      ;   } while (curren
                                                            tState == lastState
                                                            )
   43 00000040         
   44 00000040         ; pin state has changed ... but has it changed to 0?
   45 00000040         
   46 00000040 E3550000        CMP              R5, #0      ;   if (currentStat
                                                            e == 0) {
   47 00000044 1A000000        BNE              eIf         ;
   48 00000048         
   49 00000048 E2877001        ADD              R7, R7, #1  ;     tmp++
   50 0000004C         eIf
   51 0000004C EAFFFFF5        B                whRepeat    ; }
   52 00000050         
   53 00000050                 END
              E002C010 
              3FFFC041 
              3FFFC055 
Command Line: --debug --xref --diag_suppress=9931 --apcs=interwork --depend=.\o
bjects\polling.d -o.\objects\polling.o -IC:\Keil_v5\ARM\RV31\INC -IC:\Keil_v5\A
RM\CMSIS\Include -IC:\Keil_v5\ARM\Inc\Philips --predefine="__EVAL SETA 1" --pre
define="__UVISION_VERSION SETA 516" --list=.\listings\polling.lst polling.s



ARM Macro Assembler    Page 1 Alphabetic symbol ordering
Relocatable symbols

RESET 00000000

Symbol: RESET
   Definitions
      At line 13 in file polling.s
   Uses
      None
Comment: RESET unused
eIf 0000004C

Symbol: eIf
   Definitions
      At line 50 in file polling.s
   Uses
      At line 47 in file polling.s
Comment: eIf used once
whPoll 00000030

Symbol: whPoll
   Definitions
      At line 38 in file polling.s
   Uses
      At line 42 in file polling.s
Comment: whPoll used once
whRepeat 00000028

Symbol: whRepeat
   Definitions
      At line 32 in file polling.s
   Uses
      At line 51 in file polling.s
Comment: whRepeat used once
4 symbols



ARM Macro Assembler    Page 1 Alphabetic symbol ordering
Absolute symbols

FIO2DIR1 3FFFC041

Symbol: FIO2DIR1
   Definitions
      At line 10 in file polling.s
   Uses
      At line 23 in file polling.s
Comment: FIO2DIR1 used once
FIO2PIN1 3FFFC055

Symbol: FIO2PIN1
   Definitions
      At line 11 in file polling.s
   Uses
      At line 28 in file polling.s
Comment: FIO2PIN1 used once
PINSEL4 E002C010

Symbol: PINSEL4
   Definitions
      At line 7 in file polling.s
   Uses
      At line 17 in file polling.s
Comment: PINSEL4 used once
3 symbols
341 symbols in table
